#
# There is insufficient memory for the Java Runtime Environment to continue.
# Native memory allocation (mmap) failed to map 65536 bytes for Failed to commit metaspace.
# Possible reasons:
#   The system is out of physical RAM or swap space
#   The process is running with CompressedOops enabled, and the Java Heap may be blocking the growth of the native heap
# Possible solutions:
#   Reduce memory load on the system
#   Increase physical memory or swap space
#   Check if swap backing store is full
#   Decrease Java heap size (-Xmx/-Xms)
#   Decrease number of Java threads
#   Decrease Java thread stack sizes (-Xss)
#   Set larger code cache with -XX:ReservedCodeCacheSize=
#   JVM is running with Unscaled Compressed Oops mode in which the Java heap is
#     placed in the first 4GB address space. The Java Heap base address is the
#     maximum limit for the native heap growth. Please use -XX:HeapBaseMinAddress
#     to set the Java Heap base and to place the Java Heap above 4GB virtual address.
# This output file may be truncated or incomplete.
#
#  Out of Memory Error (virtualSpaceNode.cpp:110), pid=20940, tid=12156
#
# JRE version: OpenJDK Runtime Environment Temurin-17.0.2+8 (17.0.2+8) (build 17.0.2+8)
# Java VM: OpenJDK 64-Bit Server VM Temurin-17.0.2+8 (17.0.2+8, mixed mode, emulated-client, tiered, compressed oops, compressed class ptrs, g1 gc, windows-amd64)
# No core dump will be written. Minidumps are not enabled by default on client versions of Windows
#

---------------  S U M M A R Y ------------

Command Line: -Dsts.lsp.client=vscode -Dsts.log.file=/dev/null -XX:TieredStopAtLevel=1 -Dspring.config.location=file:c:\Users\842186\.vscode\extensions\pivotal.vscode-spring-boot-1.33.0\language-server\BOOT-INF\classes\application.properties org.springframework.ide.vscode.boot.app.BootLanguageServerBootApp

Host: AMD Ryzen 5 PRO 3500U w/ Radeon Vega Mobile Gfx, 8 cores, 5G,  Windows 10 , 64 bit Build 19041 (10.0.19041.1566)
Time: Mon May 16 23:18:12 2022 India Standard Time elapsed time: 3.681869 seconds (0d 0h 0m 3s)

---------------  T H R E A D  ---------------

Current thread (0x000001bc943a4ce0):  JavaThread "main" [_thread_in_vm, id=12156, stack(0x0000007a34b00000,0x0000007a34c00000)]

Stack: [0x0000007a34b00000,0x0000007a34c00000]
Native frames: (J=compiled Java code, j=interpreted, Vv=VM code, C=native code)
V  [jvm.dll+0x67564a]
V  [jvm.dll+0x82fc04]
V  [jvm.dll+0x8313ae]
V  [jvm.dll+0x831a13]
V  [jvm.dll+0x245235]
V  [jvm.dll+0x82bbab]
V  [jvm.dll+0x61a336]
V  [jvm.dll+0x1c016e]
V  [jvm.dll+0x61cc81]
V  [jvm.dll+0x61acd6]
V  [jvm.dll+0x23979f]
V  [jvm.dll+0x6249f5]
V  [jvm.dll+0x1e9eab]
V  [jvm.dll+0x1ea3e5]
V  [jvm.dll+0x1eae1f]
V  [jvm.dll+0x1e02c1]
V  [jvm.dll+0x53b6e0]
V  [jvm.dll+0x1f0ab7]
V  [jvm.dll+0x7aa1bb]
V  [jvm.dll+0x7ab562]
V  [jvm.dll+0x413565]
C  [java.dll+0x1a55]

Java frames: (J=compiled Java code, j=interpreted, Vv=VM code)
J 522  java.lang.ClassLoader.findBootstrapClass(Ljava/lang/String;)Ljava/lang/Class; java.base@17.0.2 (0 bytes) @ 0x000001bc972fca72 [0x000001bc972fca20+0x0000000000000052]
J 527 c1 jdk.internal.loader.ClassLoaders$BootClassLoader.loadClassOrNull(Ljava/lang/String;Z)Ljava/lang/Class; java.base@17.0.2 (10 bytes) @ 0x000001bc972fe024 [0x000001bc972fdfc0+0x0000000000000064]
J 344 c1 jdk.internal.loader.BuiltinClassLoader.loadClassOrNull(Ljava/lang/String;Z)Ljava/lang/Class; java.base@17.0.2 (143 bytes) @ 0x000001bc972b6974 [0x000001bc972b6600+0x0000000000000374]
J 525 c1 jdk.internal.loader.ClassLoaders$AppClassLoader.loadClass(Ljava/lang/String;Z)Ljava/lang/Class; java.base@17.0.2 (40 bytes) @ 0x000001bc972fed24 [0x000001bc972febe0+0x0000000000000144]
J 524 c1 java.lang.ClassLoader.loadClass(Ljava/lang/String;)Ljava/lang/Class; java.base@17.0.2 (7 bytes) @ 0x000001bc972fd8e4 [0x000001bc972fd8a0+0x0000000000000044]
v  ~StubRoutines::call_stub
j  org.springframework.format.number.NumberFormatAnnotationFormatterFactory.getFieldTypes()Ljava/util/Set;+0
j  org.springframework.format.support.FormattingConversionService.addFormatterForFieldAnnotation(Lorg/springframework/format/AnnotationFormatterFactory;)V+33
j  org.springframework.format.support.DefaultFormattingConversionService.addDefaultFormatters(Lorg/springframework/format/FormatterRegistry;)V+8
j  org.springframework.boot.convert.ApplicationConversionService.configure(Lorg/springframework/format/FormatterRegistry;)V+5
j  org.springframework.boot.convert.ApplicationConversionService.<init>(Lorg/springframework/util/StringValueResolver;)V+14
j  org.springframework.boot.convert.ApplicationConversionService.<init>()V+2
j  org.springframework.boot.convert.ApplicationConversionService.getSharedInstance()Lorg/springframework/core/convert/ConversionService;+25
j  org.springframework.boot.SpringApplication.configureEnvironment(Lorg/springframework/core/env/ConfigurableEnvironment;[Ljava/lang/String;)V+7
j  org.springframework.boot.SpringApplication.prepareEnvironment(Lorg/springframework/boot/SpringApplicationRunListeners;Lorg/springframework/boot/ApplicationArguments;)Lorg/springframework/core/env/ConfigurableEnvironment;+13
j  org.springframework.boot.SpringApplication.run([Ljava/lang/String;)Lorg/springframework/context/ConfigurableApplicationContext;+54
j  org.springframework.boot.SpringApplication.run([Ljava/lang/Class;[Ljava/lang/String;)Lorg/springframework/context/ConfigurableApplicationContext;+9
j  org.springframework.boot.SpringApplication.run(Ljava/lang/Class;[Ljava/lang/String;)Lorg/springframework/context/ConfigurableApplicationContext;+9
j  org.springframework.ide.vscode.boot.app.BootLanguageServerBootApp.main([Ljava/lang/String;)V+19
v  ~StubRoutines::call_stub

---------------  P R O C E S S  ---------------

Threads class SMR info:
_java_thread_list=0x000001bca1113670, length=13, elements={
0x000001bc943a4ce0, 0x000001bca03d8740, 0x000001bca03da4e0, 0x000001bca0412190,
0x000001bca0412db0, 0x000001bca0415770, 0x000001bca0416120, 0x000001bca0418f90,
0x000001bca041a8a0, 0x000001bca035ca60, 0x000001bca1121f40, 0x000001bca1139700,
0x000001bca115a8b0
}

Java Threads: ( => current thread )
=>0x000001bc943a4ce0 JavaThread "main" [_thread_in_vm, id=12156, stack(0x0000007a34b00000,0x0000007a34c00000)]
  0x000001bca03d8740 JavaThread "Reference Handler" daemon [_thread_blocked, id=8280, stack(0x0000007a35200000,0x0000007a35300000)]
  0x000001bca03da4e0 JavaThread "Finalizer" daemon [_thread_blocked, id=19164, stack(0x0000007a35300000,0x0000007a35400000)]
  0x000001bca0412190 JavaThread "Signal Dispatcher" daemon [_thread_blocked, id=3656, stack(0x0000007a35400000,0x0000007a35500000)]
  0x000001bca0412db0 JavaThread "Attach Listener" daemon [_thread_blocked, id=21372, stack(0x0000007a35500000,0x0000007a35600000)]
  0x000001bca0415770 JavaThread "Service Thread" daemon [_thread_blocked, id=4372, stack(0x0000007a35600000,0x0000007a35700000)]
  0x000001bca0416120 JavaThread "Monitor Deflation Thread" daemon [_thread_blocked, id=2940, stack(0x0000007a35700000,0x0000007a35800000)]
  0x000001bca0418f90 JavaThread "C1 CompilerThread0" daemon [_thread_blocked, id=12104, stack(0x0000007a35800000,0x0000007a35900000)]
  0x000001bca041a8a0 JavaThread "Sweeper thread" daemon [_thread_blocked, id=21864, stack(0x0000007a35900000,0x0000007a35a00000)]
  0x000001bca035ca60 JavaThread "C1 CompilerThread1" daemon [_thread_blocked, id=17476, stack(0x0000007a35a00000,0x0000007a35b00000)]
  0x000001bca1121f40 JavaThread "C1 CompilerThread2" daemon [_thread_blocked, id=13068, stack(0x0000007a35b00000,0x0000007a35c00000)]
  0x000001bca1139700 JavaThread "Notification Thread" daemon [_thread_blocked, id=21084, stack(0x0000007a35c00000,0x0000007a35d00000)]
  0x000001bca115a8b0 JavaThread "Common-Cleaner" daemon [_thread_blocked, id=6532, stack(0x0000007a35e00000,0x0000007a35f00000)]

Other Threads:
  0x000001bca03b4360 VMThread "VM Thread" [stack: 0x0000007a35100000,0x0000007a35200000] [id=10868]
  0x000001bca10c6d10 WatcherThread [stack: 0x0000007a35d00000,0x0000007a35e00000] [id=4928]
  0x000001bc943d5940 GCTaskThread "GC Thread#0" [stack: 0x0000007a34c00000,0x0000007a34d00000] [id=10672]
  0x000001bca1914a20 GCTaskThread "GC Thread#1" [stack: 0x0000007a35f00000,0x0000007a36000000] [id=22108]
  0x000001bca1982570 GCTaskThread "GC Thread#2" [stack: 0x0000007a36000000,0x0000007a36100000] [id=14676]
  0x000001bca1982820 GCTaskThread "GC Thread#3" [stack: 0x0000007a36100000,0x0000007a36200000] [id=6540]
  0x000001bca1982ad0 GCTaskThread "GC Thread#4" [stack: 0x0000007a36200000,0x0000007a36300000] [id=12668]
  0x000001bca1982d80 GCTaskThread "GC Thread#5" [stack: 0x0000007a36300000,0x0000007a36400000] [id=16752]
  0x000001bca1983030 GCTaskThread "GC Thread#6" [stack: 0x0000007a36400000,0x0000007a36500000] [id=19184]
  0x000001bc943e24c0 ConcurrentGCThread "G1 Main Marker" [stack: 0x0000007a34d00000,0x0000007a34e00000] [id=20404]
  0x000001bc943e2ed0 ConcurrentGCThread "G1 Conc#0" [stack: 0x0000007a34e00000,0x0000007a34f00000] [id=1700]
  0x000001bc94454ff0 ConcurrentGCThread "G1 Refine#0" [stack: 0x0000007a34f00000,0x0000007a35000000] [id=18992]
  0x000001bc94455a10 ConcurrentGCThread "G1 Service" [stack: 0x0000007a35000000,0x0000007a35100000] [id=7268]

Threads with active compile tasks:

VM state: not at safepoint (normal execution)

VM Mutex/Monitor currently owned by a thread:  ([mutex/lock_event])
[0x000001bc9213f810] Metaspace_lock - owner thread: 0x000001bc943a4ce0

Heap address: 0x00000000a1e00000, size: 1506 MB, Compressed Oops mode: 32-bit

CDS archive(s) not mapped
Compressed class space mapped at: 0x0000000100000000-0x0000000140000000, reserved size: 1073741824
Narrow klass base: 0x0000000000000000, Narrow klass shift: 3, Narrow klass range: 0x140000000

GC Precious Log:
 CPUs: 8 total, 8 available
 Memory: 6022M
 Large Page Support: Disabled
 NUMA Support: Disabled
 Compressed Oops: Enabled (32-bit)
 Heap Region Size: 1M
 Heap Min Capacity: 8M
 Heap Initial Capacity: 96M
 Heap Max Capacity: 1506M
 Pre-touch: Disabled
 Parallel Workers: 8
 Concurrent Workers: 2
 Concurrent Refinement Workers: 8
 Periodic GC: Disabled

Heap:
 garbage-first heap   total 98304K, used 5632K [0x00000000a1e00000, 0x0000000100000000)
  region size 1024K, 4 young (4096K), 3 survivors (3072K)
 Metaspace       used 12169K, committed 12352K, reserved 1064960K
  class space    used 1426K, committed 1536K, reserved 1048576K

Heap Regions: E=young(eden), S=young(survivor), O=old, HS=humongous(starts), HC=humongous(continues), CS=collection set, F=free, OA=open archive, CA=closed archive, TAMS=top-at-mark-start (previous, next)
|   0|0x00000000a1e00000, 0x00000000a1f00000, 0x00000000a1f00000|100%| O|  |TAMS 0x00000000a1e00000, 0x00000000a1e00000| Untracked 
|   1|0x00000000a1f00000, 0x00000000a2000000, 0x00000000a2000000|100%| O|  |TAMS 0x00000000a1f00000, 0x00000000a1f00000| Untracked 
|   2|0x00000000a2000000, 0x00000000a2080000, 0x00000000a2100000| 50%| O|  |TAMS 0x00000000a2000000, 0x00000000a2000000| Untracked 
|   3|0x00000000a2100000, 0x00000000a2100000, 0x00000000a2200000|  0%| F|  |TAMS 0x00000000a2100000, 0x00000000a2100000| Untracked 
|   4|0x00000000a2200000, 0x00000000a2200000, 0x00000000a2300000|  0%| F|  |TAMS 0x00000000a2200000, 0x00000000a2200000| Untracked 
|   5|0x00000000a2300000, 0x00000000a2300000, 0x00000000a2400000|  0%| F|  |TAMS 0x00000000a2300000, 0x00000000a2300000| Untracked 
|   6|0x00000000a2400000, 0x00000000a2400000, 0x00000000a2500000|  0%| F|  |TAMS 0x00000000a2400000, 0x00000000a2400000| Untracked 
|   7|0x00000000a2500000, 0x00000000a2500000, 0x00000000a2600000|  0%| F|  |TAMS 0x00000000a2500000, 0x00000000a2500000| Untracked 
|   8|0x00000000a2600000, 0x00000000a2600000, 0x00000000a2700000|  0%| F|  |TAMS 0x00000000a2600000, 0x00000000a2600000| Untracked 
|   9|0x00000000a2700000, 0x00000000a2700000, 0x00000000a2800000|  0%| F|  |TAMS 0x00000000a2700000, 0x00000000a2700000| Untracked 
|  10|0x00000000a2800000, 0x00000000a2800000, 0x00000000a2900000|  0%| F|  |TAMS 0x00000000a2800000, 0x00000000a2800000| Untracked 
|  11|0x00000000a2900000, 0x00000000a2900000, 0x00000000a2a00000|  0%| F|  |TAMS 0x00000000a2900000, 0x00000000a2900000| Untracked 
|  12|0x00000000a2a00000, 0x00000000a2a00000, 0x00000000a2b00000|  0%| F|  |TAMS 0x00000000a2a00000, 0x00000000a2a00000| Untracked 
|  13|0x00000000a2b00000, 0x00000000a2b00000, 0x00000000a2c00000|  0%| F|  |TAMS 0x00000000a2b00000, 0x00000000a2b00000| Untracked 
|  14|0x00000000a2c00000, 0x00000000a2c00000, 0x00000000a2d00000|  0%| F|  |TAMS 0x00000000a2c00000, 0x00000000a2c00000| Untracked 
|  15|0x00000000a2d00000, 0x00000000a2d00000, 0x00000000a2e00000|  0%| F|  |TAMS 0x00000000a2d00000, 0x00000000a2d00000| Untracked 
|  16|0x00000000a2e00000, 0x00000000a2e00000, 0x00000000a2f00000|  0%| F|  |TAMS 0x00000000a2e00000, 0x00000000a2e00000| Untracked 
|  17|0x00000000a2f00000, 0x00000000a2f00000, 0x00000000a3000000|  0%| F|  |TAMS 0x00000000a2f00000, 0x00000000a2f00000| Untracked 
|  18|0x00000000a3000000, 0x00000000a3000000, 0x00000000a3100000|  0%| F|  |TAMS 0x00000000a3000000, 0x00000000a3000000| Untracked 
|  19|0x00000000a3100000, 0x00000000a3100000, 0x00000000a3200000|  0%| F|  |TAMS 0x00000000a3100000, 0x00000000a3100000| Untracked 
|  20|0x00000000a3200000, 0x00000000a3200000, 0x00000000a3300000|  0%| F|  |TAMS 0x00000000a3200000, 0x00000000a3200000| Untracked 
|  21|0x00000000a3300000, 0x00000000a3300000, 0x00000000a3400000|  0%| F|  |TAMS 0x00000000a3300000, 0x00000000a3300000| Untracked 
|  22|0x00000000a3400000, 0x00000000a3400000, 0x00000000a3500000|  0%| F|  |TAMS 0x00000000a3400000, 0x00000000a3400000| Untracked 
|  23|0x00000000a3500000, 0x00000000a3500000, 0x00000000a3600000|  0%| F|  |TAMS 0x00000000a3500000, 0x00000000a3500000| Untracked 
|  24|0x00000000a3600000, 0x00000000a3600000, 0x00000000a3700000|  0%| F|  |TAMS 0x00000000a3600000, 0x00000000a3600000| Untracked 
|  25|0x00000000a3700000, 0x00000000a3700000, 0x00000000a3800000|  0%| F|  |TAMS 0x00000000a3700000, 0x00000000a3700000| Untracked 
|  26|0x00000000a3800000, 0x00000000a3800000, 0x00000000a3900000|  0%| F|  |TAMS 0x00000000a3800000, 0x00000000a3800000| Untracked 
|  27|0x00000000a3900000, 0x00000000a3900000, 0x00000000a3a00000|  0%| F|  |TAMS 0x00000000a3900000, 0x00000000a3900000| Untracked 
|  28|0x00000000a3a00000, 0x00000000a3a00000, 0x00000000a3b00000|  0%| F|  |TAMS 0x00000000a3a00000, 0x00000000a3a00000| Untracked 
|  29|0x00000000a3b00000, 0x00000000a3b00000, 0x00000000a3c00000|  0%| F|  |TAMS 0x00000000a3b00000, 0x00000000a3b00000| Untracked 
|  30|0x00000000a3c00000, 0x00000000a3c00000, 0x00000000a3d00000|  0%| F|  |TAMS 0x00000000a3c00000, 0x00000000a3c00000| Untracked 
|  31|0x00000000a3d00000, 0x00000000a3d00000, 0x00000000a3e00000|  0%| F|  |TAMS 0x00000000a3d00000, 0x00000000a3d00000| Untracked 
|  32|0x00000000a3e00000, 0x00000000a3e00000, 0x00000000a3f00000|  0%| F|  |TAMS 0x00000000a3e00000, 0x00000000a3e00000| Untracked 
|  33|0x00000000a3f00000, 0x00000000a3f00000, 0x00000000a4000000|  0%| F|  |TAMS 0x00000000a3f00000, 0x00000000a3f00000| Untracked 
|  34|0x00000000a4000000, 0x00000000a4000000, 0x00000000a4100000|  0%| F|  |TAMS 0x00000000a4000000, 0x00000000a4000000| Untracked 
|  35|0x00000000a4100000, 0x00000000a4100000, 0x00000000a4200000|  0%| F|  |TAMS 0x00000000a4100000, 0x00000000a4100000| Untracked 
|  36|0x00000000a4200000, 0x00000000a4200000, 0x00000000a4300000|  0%| F|  |TAMS 0x00000000a4200000, 0x00000000a4200000| Untracked 
|  37|0x00000000a4300000, 0x00000000a4300000, 0x00000000a4400000|  0%| F|  |TAMS 0x00000000a4300000, 0x00000000a4300000| Untracked 
|  38|0x00000000a4400000, 0x00000000a4400000, 0x00000000a4500000|  0%| F|  |TAMS 0x00000000a4400000, 0x00000000a4400000| Untracked 
|  39|0x00000000a4500000, 0x00000000a4500000, 0x00000000a4600000|  0%| F|  |TAMS 0x00000000a4500000, 0x00000000a4500000| Untracked 
|  40|0x00000000a4600000, 0x00000000a4600000, 0x00000000a4700000|  0%| F|  |TAMS 0x00000000a4600000, 0x00000000a4600000| Untracked 
|  41|0x00000000a4700000, 0x00000000a4700000, 0x00000000a4800000|  0%| F|  |TAMS 0x00000000a4700000, 0x00000000a4700000| Untracked 
|  42|0x00000000a4800000, 0x00000000a4800000, 0x00000000a4900000|  0%| F|  |TAMS 0x00000000a4800000, 0x00000000a4800000| Untracked 
|  43|0x00000000a4900000, 0x00000000a4900000, 0x00000000a4a00000|  0%| F|  |TAMS 0x00000000a4900000, 0x00000000a4900000| Untracked 
|  44|0x00000000a4a00000, 0x00000000a4a00000, 0x00000000a4b00000|  0%| F|  |TAMS 0x00000000a4a00000, 0x00000000a4a00000| Untracked 
|  45|0x00000000a4b00000, 0x00000000a4b00000, 0x00000000a4c00000|  0%| F|  |TAMS 0x00000000a4b00000, 0x00000000a4b00000| Untracked 
|  46|0x00000000a4c00000, 0x00000000a4c00000, 0x00000000a4d00000|  0%| F|  |TAMS 0x00000000a4c00000, 0x00000000a4c00000| Untracked 
|  47|0x00000000a4d00000, 0x00000000a4d00000, 0x00000000a4e00000|  0%| F|  |TAMS 0x00000000a4d00000, 0x00000000a4d00000| Untracked 
|  48|0x00000000a4e00000, 0x00000000a4e00000, 0x00000000a4f00000|  0%| F|  |TAMS 0x00000000a4e00000, 0x00000000a4e00000| Untracked 
|  49|0x00000000a4f00000, 0x00000000a4f00000, 0x00000000a5000000|  0%| F|  |TAMS 0x00000000a4f00000, 0x00000000a4f00000| Untracked 
|  50|0x00000000a5000000, 0x00000000a5000000, 0x00000000a5100000|  0%| F|  |TAMS 0x00000000a5000000, 0x00000000a5000000| Untracked 
|  51|0x00000000a5100000, 0x00000000a5100000, 0x00000000a5200000|  0%| F|  |TAMS 0x00000000a5100000, 0x00000000a5100000| Untracked 
|  52|0x00000000a5200000, 0x00000000a5200000, 0x00000000a5300000|  0%| F|  |TAMS 0x00000000a5200000, 0x00000000a5200000| Untracked 
|  53|0x00000000a5300000, 0x00000000a5300000, 0x00000000a5400000|  0%| F|  |TAMS 0x00000000a5300000, 0x00000000a5300000| Untracked 
|  54|0x00000000a5400000, 0x00000000a5400000, 0x00000000a5500000|  0%| F|  |TAMS 0x00000000a5400000, 0x00000000a5400000| Untracked 
|  55|0x00000000a5500000, 0x00000000a5500000, 0x00000000a5600000|  0%| F|  |TAMS 0x00000000a5500000, 0x00000000a5500000| Untracked 
|  56|0x00000000a5600000, 0x00000000a5600000, 0x00000000a5700000|  0%| F|  |TAMS 0x00000000a5600000, 0x00000000a5600000| Untracked 
|  57|0x00000000a5700000, 0x00000000a5700000, 0x00000000a5800000|  0%| F|  |TAMS 0x00000000a5700000, 0x00000000a5700000| Untracked 
|  58|0x00000000a5800000, 0x00000000a5800000, 0x00000000a5900000|  0%| F|  |TAMS 0x00000000a5800000, 0x00000000a5800000| Untracked 
|  59|0x00000000a5900000, 0x00000000a5900000, 0x00000000a5a00000|  0%| F|  |TAMS 0x00000000a5900000, 0x00000000a5900000| Untracked 
|  60|0x00000000a5a00000, 0x00000000a5a00000, 0x00000000a5b00000|  0%| F|  |TAMS 0x00000000a5a00000, 0x00000000a5a00000| Untracked 
|  61|0x00000000a5b00000, 0x00000000a5b00000, 0x00000000a5c00000|  0%| F|  |TAMS 0x00000000a5b00000, 0x00000000a5b00000| Untracked 
|  62|0x00000000a5c00000, 0x00000000a5c00000, 0x00000000a5d00000|  0%| F|  |TAMS 0x00000000a5c00000, 0x00000000a5c00000| Untracked 
|  63|0x00000000a5d00000, 0x00000000a5d00000, 0x00000000a5e00000|  0%| F|  |TAMS 0x00000000a5d00000, 0x00000000a5d00000| Untracked 
|  64|0x00000000a5e00000, 0x00000000a5e00000, 0x00000000a5f00000|  0%| F|  |TAMS 0x00000000a5e00000, 0x00000000a5e00000| Untracked 
|  65|0x00000000a5f00000, 0x00000000a5f00000, 0x00000000a6000000|  0%| F|  |TAMS 0x00000000a5f00000, 0x00000000a5f00000| Untracked 
|  66|0x00000000a6000000, 0x00000000a6000000, 0x00000000a6100000|  0%| F|  |TAMS 0x00000000a6000000, 0x00000000a6000000| Untracked 
|  67|0x00000000a6100000, 0x00000000a6100000, 0x00000000a6200000|  0%| F|  |TAMS 0x00000000a6100000, 0x00000000a6100000| Untracked 
|  68|0x00000000a6200000, 0x00000000a6200000, 0x00000000a6300000|  0%| F|  |TAMS 0x00000000a6200000, 0x00000000a6200000| Untracked 
|  69|0x00000000a6300000, 0x00000000a6300000, 0x00000000a6400000|  0%| F|  |TAMS 0x00000000a6300000, 0x00000000a6300000| Untracked 
|  70|0x00000000a6400000, 0x00000000a6500000, 0x00000000a6500000|100%| S|CS|TAMS 0x00000000a6400000, 0x00000000a6400000| Complete 
|  71|0x00000000a6500000, 0x00000000a6600000, 0x00000000a6600000|100%| S|CS|TAMS 0x00000000a6500000, 0x00000000a6500000| Complete 
|  72|0x00000000a6600000, 0x00000000a6700000, 0x00000000a6700000|100%| S|CS|TAMS 0x00000000a6600000, 0x00000000a6600000| Complete 
|  73|0x00000000a6700000, 0x00000000a6700000, 0x00000000a6800000|  0%| F|  |TAMS 0x00000000a6700000, 0x00000000a6700000| Untracked 
|  74|0x00000000a6800000, 0x00000000a6800000, 0x00000000a6900000|  0%| F|  |TAMS 0x00000000a6800000, 0x00000000a6800000| Untracked 
|  75|0x00000000a6900000, 0x00000000a6900000, 0x00000000a6a00000|  0%| F|  |TAMS 0x00000000a6900000, 0x00000000a6900000| Untracked 
|  76|0x00000000a6a00000, 0x00000000a6a00000, 0x00000000a6b00000|  0%| F|  |TAMS 0x00000000a6a00000, 0x00000000a6a00000| Untracked 
|  77|0x00000000a6b00000, 0x00000000a6b00000, 0x00000000a6c00000|  0%| F|  |TAMS 0x00000000a6b00000, 0x00000000a6b00000| Untracked 
|  78|0x00000000a6c00000, 0x00000000a6c00000, 0x00000000a6d00000|  0%| F|  |TAMS 0x00000000a6c00000, 0x00000000a6c00000| Untracked 
|  79|0x00000000a6d00000, 0x00000000a6d00000, 0x00000000a6e00000|  0%| F|  |TAMS 0x00000000a6d00000, 0x00000000a6d00000| Untracked 
|  80|0x00000000a6e00000, 0x00000000a6e00000, 0x00000000a6f00000|  0%| F|  |TAMS 0x00000000a6e00000, 0x00000000a6e00000| Untracked 
|  81|0x00000000a6f00000, 0x00000000a6f00000, 0x00000000a7000000|  0%| F|  |TAMS 0x00000000a6f00000, 0x00000000a6f00000| Untracked 
|  82|0x00000000a7000000, 0x00000000a7000000, 0x00000000a7100000|  0%| F|  |TAMS 0x00000000a7000000, 0x00000000a7000000| Untracked 
|  83|0x00000000a7100000, 0x00000000a7100000, 0x00000000a7200000|  0%| F|  |TAMS 0x00000000a7100000, 0x00000000a7100000| Untracked 
|  84|0x00000000a7200000, 0x00000000a7200000, 0x00000000a7300000|  0%| F|  |TAMS 0x00000000a7200000, 0x00000000a7200000| Untracked 
|  85|0x00000000a7300000, 0x00000000a7300000, 0x00000000a7400000|  0%| F|  |TAMS 0x00000000a7300000, 0x00000000a7300000| Untracked 
|  86|0x00000000a7400000, 0x00000000a7400000, 0x00000000a7500000|  0%| F|  |TAMS 0x00000000a7400000, 0x00000000a7400000| Untracked 
|  87|0x00000000a7500000, 0x00000000a7500000, 0x00000000a7600000|  0%| F|  |TAMS 0x00000000a7500000, 0x00000000a7500000| Untracked 
|  88|0x00000000a7600000, 0x00000000a7600000, 0x00000000a7700000|  0%| F|  |TAMS 0x00000000a7600000, 0x00000000a7600000| Untracked 
|  89|0x00000000a7700000, 0x00000000a7700000, 0x00000000a7800000|  0%| F|  |TAMS 0x00000000a7700000, 0x00000000a7700000| Untracked 
|  90|0x00000000a7800000, 0x00000000a7800000, 0x00000000a7900000|  0%| F|  |TAMS 0x00000000a7800000, 0x00000000a7800000| Untracked 
|  91|0x00000000a7900000, 0x00000000a7900000, 0x00000000a7a00000|  0%| F|  |TAMS 0x00000000a7900000, 0x00000000a7900000| Untracked 
|  92|0x00000000a7a00000, 0x00000000a7a00000, 0x00000000a7b00000|  0%| F|  |TAMS 0x00000000a7a00000, 0x00000000a7a00000| Untracked 
|  93|0x00000000a7b00000, 0x00000000a7b00000, 0x00000000a7c00000|  0%| F|  |TAMS 0x00000000a7b00000, 0x00000000a7b00000| Untracked 
|  94|0x00000000a7c00000, 0x00000000a7c00000, 0x00000000a7d00000|  0%| F|  |TAMS 0x00000000a7c00000, 0x00000000a7c00000| Untracked 
|  95|0x00000000a7d00000, 0x00000000a7d80800, 0x00000000a7e00000| 50%| E|  |TAMS 0x00000000a7d00000, 0x00000000a7d00000| Complete 

Card table byte_map: [0x000001bc9a430000,0x000001bc9a730000] _byte_map_base: 0x000001bc99f21000

Marking Bits (Prev, Next): (CMBitMap*) 0x000001bc943d5f50, (CMBitMap*) 0x000001bc943d5f90
 Prev Bits: [0x000001bc9aa30000, 0x000001bc9c1b8000)
 Next Bits: [0x000001bc9c1c0000, 0x000001bc9d948000)

Polling page: 0x000001bc93b70000

Metaspace:

Usage:
  Non-class:     10.49 MB used.
      Class:      1.39 MB used.
       Both:     11.88 MB used.

Virtual space:
  Non-class space:       16.00 MB reserved,      10.56 MB ( 66%) committed,  2 nodes.
      Class space:        1.00 GB reserved,       1.50 MB ( <1%) committed,  1 nodes.
             Both:        1.02 GB reserved,      12.06 MB (  1%) committed. 

Chunk freelists:
   Non-Class:  496.00 KB
       Class:  2.53 MB
        Both:  3.02 MB

MaxMetaspaceSize: unlimited
CompressedClassSpaceSize: 1.00 GB
Initial GC threshold: 21.00 MB
Current GC threshold: 21.00 MB
CDS: off
MetaspaceReclaimPolicy: balanced
 - commit_granule_bytes: 65536.
 - commit_granule_words: 8192.
 - virtual_space_node_default_size: 1048576.
 - enlarge_chunks_in_place: 1.
 - new_chunks_are_fully_committed: 0.
 - uncommit_free_chunks: 1.
 - use_allocation_guard: 0.
 - handle_deallocations: 1.


Internal statistics:

num_allocs_failed_limit: 0.
num_arena_births: 56.
num_arena_deaths: 0.
num_vsnodes_births: 3.
num_vsnodes_deaths: 0.
num_space_committed: 193.
num_space_uncommitted: 0.
num_chunks_returned_to_freelist: 0.
num_chunks_taken_from_freelist: 223.
num_chunk_merges: 0.
num_chunk_splits: 150.
num_chunks_enlarged: 124.
num_purges: 0.
num_inconsistent_stats: 0.

CodeCache: size=49152Kb used=3658Kb max_used=3658Kb free=45493Kb
 bounds [0x000001bc97020000, 0x000001bc973c0000, 0x000001bc9a020000]
 total_blobs=1388 nmethods=970 adapters=344
 compilation: enabled
              stopped_count=0, restarted_count=0
 full_count=0

Compilation events (20 events):
Event: 3.583 Thread 0x000001bca0418f90  961       1       org.springframework.util.Assert::notNull (14 bytes)
Event: 3.584 Thread 0x000001bca0418f90 nmethod 961 0x000001bc973aff10 code [0x000001bc973b00a0, 0x000001bc973b01c8]
Event: 3.588 Thread 0x000001bca0418f90  962       1       java.util.ArrayList::<init> (61 bytes)
Event: 3.589 Thread 0x000001bca0418f90 nmethod 962 0x000001bc973b0290 code [0x000001bc973b0480, 0x000001bc973b09d8]
Event: 3.590 Thread 0x000001bca0418f90  963       1       org.springframework.core.ResolvableType::resolve (5 bytes)
Event: 3.590 Thread 0x000001bca0418f90 nmethod 963 0x000001bc973b0b90 code [0x000001bc973b0d20, 0x000001bc973b0df8]
Event: 3.592 Thread 0x000001bca0418f90  964       1       sun.reflect.generics.visitor.Reifier::getFactory (5 bytes)
Event: 3.592 Thread 0x000001bca0418f90 nmethod 964 0x000001bc973b0e90 code [0x000001bc973b1020, 0x000001bc973b10f8]
Event: 3.593 Thread 0x000001bca0418f90  965   !   1       org.springframework.util.ConcurrentReferenceHashMap$Segment::clear (69 bytes)
Event: 3.594 Thread 0x000001bca0418f90 nmethod 965 0x000001bc973b1190 code [0x000001bc973b13a0, 0x000001bc973b1828]
Event: 3.597 Thread 0x000001bca0418f90  966       1       java.util.Objects::hashCode (13 bytes)
Event: 3.597 Thread 0x000001bca0418f90 nmethod 966 0x000001bc973b1b90 code [0x000001bc973b1d20, 0x000001bc973b1e28]
Event: 3.598 Thread 0x000001bca0418f90  967       1       sun.reflect.generics.tree.SimpleClassTypeSignature::getTypeArguments (5 bytes)
Event: 3.598 Thread 0x000001bca0418f90 nmethod 967 0x000001bc973b1e90 code [0x000001bc973b2020, 0x000001bc973b20f8]
Event: 3.604 Thread 0x000001bca0418f90  968       1       java.util.LinkedList$Node::<init> (20 bytes)
Event: 3.605 Thread 0x000001bca0418f90 nmethod 968 0x000001bc973b2190 code [0x000001bc973b2320, 0x000001bc973b24f8]
Event: 3.608 Thread 0x000001bca0418f90  969       1       java.util.Collections$1::hasNext (5 bytes)
Event: 3.608 Thread 0x000001bca0418f90 nmethod 969 0x000001bc973b2590 code [0x000001bc973b2720, 0x000001bc973b27f8]
Event: 3.619 Thread 0x000001bca0418f90  970       1       java.util.concurrent.locks.AbstractOwnableSynchronizer::setExclusiveOwnerThread (6 bytes)
Event: 3.619 Thread 0x000001bca0418f90 nmethod 970 0x000001bc973b2890 code [0x000001bc973b2a20, 0x000001bc973b2b38]

GC Heap History (2 events):
Event: 3.642 GC heap before
{Heap before GC invocations=0 (full 0):
 garbage-first heap   total 98304K, used 22528K [0x00000000a1e00000, 0x0000000100000000)
  region size 1024K, 23 young (23552K), 0 survivors (0K)
 Metaspace       used 12117K, committed 12352K, reserved 1064960K
  class space    used 1425K, committed 1536K, reserved 1048576K
}
Event: 3.663 GC heap after
{Heap after GC invocations=1 (full 0):
 garbage-first heap   total 98304K, used 5632K [0x00000000a1e00000, 0x0000000100000000)
  region size 1024K, 3 young (3072K), 3 survivors (3072K)
 Metaspace       used 12117K, committed 12352K, reserved 1064960K
  class space    used 1425K, committed 1536K, reserved 1048576K
}

Deoptimization events (2 events):
Event: 3.373 Thread 0x000001bc943a4ce0 DEOPT PACKING pc=0x000001bc9738d3f5 sp=0x0000007a34bfd8a0
Event: 3.373 Thread 0x000001bc943a4ce0 DEOPT UNPACKING pc=0x000001bc97072b43 sp=0x0000007a34bfcd10 mode 3

Classes unloaded (0 events):
No events

Classes redefined (0 events):
No events

Internal exceptions (8 events):
Event: 2.429 Thread 0x000001bc943a4ce0 Exception <a 'java/lang/ClassNotFoundException'{0x00000000a755fe98}: javax/smartcardio/CardPermission> (0x00000000a755fe98) 
thrown [e:\jenkins\tmp\workspace\build\src\src\hotspot\share\classfile\systemDictionary.cpp, line 256]
Event: 2.434 Thread 0x000001bc943a4ce0 Exception <a 'java/io/FileNotFoundException'{0x00000000a756e3f0}> (0x00000000a756e3f0) 
thrown [e:\jenkins\tmp\workspace\build\src\src\hotspot\share\prims\jni.cpp, line 516]
Event: 3.241 Thread 0x000001bc943a4ce0 Exception <a 'java/lang/NoSuchMethodError'{0x00000000a6b15f60}: 'int java.lang.invoke.DirectMethodHandle$Holder.invokeStaticInit(java.lang.Object, java.lang.Object)'> (0x00000000a6b15f60) 
thrown [e:\jenkins\tmp\workspace\build\src\src\hotspot\share\interpreter\linkResolver.cpp, line 766]
Event: 3.343 Thread 0x000001bc943a4ce0 Exception <a 'java/lang/NoSuchMethodError'{0x00000000a6a8b5c0}: 'java.lang.Object java.lang.invoke.Invokers$Holder.invokeExact_MT(java.lang.Object, java.lang.Object, java.lang.Object, java.lang.Object, java.lang.Object, java.lang.Object)'> (0x00000000a6a8b5c0) 
thrown [e:\jenkins\tmp\workspace\build\src\src\hotspot\share\interpreter\linkResolver.cpp, line 766]
Event: 3.376 Thread 0x000001bc943a4ce0 Exception <a 'java/lang/NoSuchMethodError'{0x00000000a690c758}: 'int java.lang.invoke.DirectMethodHandle$Holder.invokeStaticInit(java.lang.Object, java.lang.Object, java.lang.Object)'> (0x00000000a690c758) 
thrown [e:\jenkins\tmp\workspace\build\src\src\hotspot\share\interpreter\linkResolver.cpp, line 766]
Event: 3.385 Thread 0x000001bc943a4ce0 Exception <a 'java/lang/NoSuchMethodError'{0x00000000a6934630}: 'java.lang.Object java.lang.invoke.DirectMethodHandle$Holder.invokeVirtual(java.lang.Object, java.lang.Object, java.lang.Object)'> (0x00000000a6934630) 
thrown [e:\jenkins\tmp\workspace\build\src\src\hotspot\share\interpreter\linkResolver.cpp, line 766]
Event: 3.394 Thread 0x000001bc943a4ce0 Exception <a 'java/lang/NoSuchMethodError'{0x00000000a6961378}: 'java.lang.Object java.lang.invoke.DirectMethodHandle$Holder.newInvokeSpecial(java.lang.Object, java.lang.Object, java.lang.Object, java.lang.Object, java.lang.Object)'> (0x00000000a6961378) 
thrown [e:\jenkins\tmp\workspace\build\src\src\hotspot\share\interpreter\linkResolver.cpp, line 766]
Event: 3.467 Thread 0x000001bc943a4ce0 Exception <a 'java/lang/NoSuchMethodError'{0x00000000a6829300}: 'void java.lang.invoke.DirectMethodHandle$Holder.invokeStatic(java.lang.Object, java.lang.Object, java.lang.Object)'> (0x00000000a6829300) 
thrown [e:\jenkins\tmp\workspace\build\src\src\hotspot\share\interpreter\linkResolver.cpp, line 766]

VM Operations (14 events):
Event: 2.101 Executing VM operation: HandshakeAllThreads
Event: 2.101 Executing VM operation: HandshakeAllThreads done
Event: 2.494 Executing VM operation: HandshakeAllThreads
Event: 2.494 Executing VM operation: HandshakeAllThreads done
Event: 3.011 Executing VM operation: HandshakeAllThreads
Event: 3.011 Executing VM operation: HandshakeAllThreads done
Event: 3.011 Executing VM operation: Cleanup
Event: 3.011 Executing VM operation: Cleanup done
Event: 3.181 Executing VM operation: HandshakeAllThreads
Event: 3.181 Executing VM operation: HandshakeAllThreads done
Event: 3.549 Executing VM operation: HandshakeAllThreads
Event: 3.549 Executing VM operation: HandshakeAllThreads done
Event: 3.641 Executing VM operation: G1CollectForAllocation
Event: 3.664 Executing VM operation: G1CollectForAllocation done

Events (20 events):
Event: 3.588 loading class sun/reflect/generics/tree/BottomSignature done
Event: 3.588 loading class sun/reflect/generics/tree/Wildcard
Event: 3.588 loading class sun/reflect/generics/tree/Wildcard done
Event: 3.588 loading class sun/reflect/generics/reflectiveObjects/WildcardTypeImpl
Event: 3.588 loading class sun/reflect/generics/reflectiveObjects/WildcardTypeImpl done
Event: 3.594 loading class java/util/Currency
Event: 3.595 loading class java/util/Currency done
Event: 3.598 loading class java/util/UUID
Event: 3.598 loading class java/util/UUID done
Event: 3.620 loading class java/time/ZoneId
Event: 3.620 loading class java/time/ZoneId done
Event: 3.623 loading class java/time/ZonedDateTime
Event: 3.624 loading class java/time/temporal/Temporal
Event: 3.624 loading class java/time/temporal/TemporalAccessor
Event: 3.624 loading class java/time/temporal/TemporalAccessor done
Event: 3.624 loading class java/time/temporal/Temporal done
Event: 3.624 loading class java/time/chrono/ChronoZonedDateTime
Event: 3.625 loading class java/time/chrono/ChronoZonedDateTime done
Event: 3.625 loading class java/time/ZonedDateTime done
Event: 3.667 loading class java/math/BigInteger


Dynamic libraries:
0x00007ff6516a0000 - 0x00007ff6516ae000 	c:\Users\842186\.vscode\extensions\redhat.java-1.6.0\jre\17.0.2-win32-x86_64\bin\java.exe
0x00007ffc764f0000 - 0x00007ffc766e5000 	C:\WINDOWS\SYSTEM32\ntdll.dll
0x00007ffc751c0000 - 0x00007ffc7527e000 	C:\WINDOWS\System32\KERNEL32.DLL
0x00007ffc73e30000 - 0x00007ffc740f8000 	C:\WINDOWS\System32\KERNELBASE.dll
0x00007ffc6afb0000 - 0x00007ffc6afc8000 	c:\Users\842186\.vscode\extensions\redhat.java-1.6.0\jre\17.0.2-win32-x86_64\bin\jli.dll
0x00007ffc75d30000 - 0x00007ffc75ed0000 	C:\WINDOWS\System32\USER32.dll
0x00007ffc73d60000 - 0x00007ffc73d82000 	C:\WINDOWS\System32\win32u.dll
0x00007ffc745b0000 - 0x00007ffc745db000 	C:\WINDOWS\System32\GDI32.dll
0x00007ffc64420000 - 0x00007ffc64439000 	c:\Users\842186\.vscode\extensions\redhat.java-1.6.0\jre\17.0.2-win32-x86_64\bin\VCRUNTIME140.dll
0x00007ffc74250000 - 0x00007ffc7435b000 	C:\WINDOWS\System32\gdi32full.dll
0x00007ffc741b0000 - 0x00007ffc7424d000 	C:\WINDOWS\System32\msvcp_win.dll
0x00007ffc5d9c0000 - 0x00007ffc5dc5a000 	C:\WINDOWS\WinSxS\amd64_microsoft.windows.common-controls_6595b64144ccf1df_6.0.19041.1110_none_60b5254171f9507e\COMCTL32.dll
0x00007ffc75ed0000 - 0x00007ffc75f6e000 	C:\WINDOWS\System32\msvcrt.dll
0x00007ffc73c10000 - 0x00007ffc73d10000 	C:\WINDOWS\System32\ucrtbase.dll
0x00007ffc745e0000 - 0x00007ffc74610000 	C:\WINDOWS\System32\IMM32.DLL
0x00007ffc73950000 - 0x00007ffc73a52000 	C:\Program Files\Avecto\Privilege Guard Client\PGHook.dll
0x00007ffc76080000 - 0x00007ffc7612e000 	C:\WINDOWS\System32\ADVAPI32.dll
0x00007ffc76300000 - 0x00007ffc7639c000 	C:\WINDOWS\System32\sechost.dll
0x00007ffc74fc0000 - 0x00007ffc750e5000 	C:\WINDOWS\System32\RPCRT4.dll
0x00007ffc6afa0000 - 0x00007ffc6afac000 	c:\Users\842186\.vscode\extensions\redhat.java-1.6.0\jre\17.0.2-win32-x86_64\bin\vcruntime140_1.dll
0x00007ffc53180000 - 0x00007ffc53211000 	c:\Users\842186\.vscode\extensions\redhat.java-1.6.0\jre\17.0.2-win32-x86_64\bin\msvcp140.dll
0x00007ffbec210000 - 0x00007ffbece57000 	c:\Users\842186\.vscode\extensions\redhat.java-1.6.0\jre\17.0.2-win32-x86_64\bin\server\jvm.dll
0x00007ffc76410000 - 0x00007ffc76418000 	C:\WINDOWS\System32\PSAPI.DLL
0x00007ffc5f070000 - 0x00007ffc5f079000 	C:\WINDOWS\SYSTEM32\WSOCK32.dll
0x00007ffc763a0000 - 0x00007ffc7640b000 	C:\WINDOWS\System32\WS2_32.dll
0x00007ffc67ec0000 - 0x00007ffc67ee7000 	C:\WINDOWS\SYSTEM32\WINMM.dll
0x00007ffc67ef0000 - 0x00007ffc67efa000 	C:\WINDOWS\SYSTEM32\VERSION.dll
0x00007ffc72530000 - 0x00007ffc72542000 	C:\WINDOWS\SYSTEM32\kernel.appcore.dll
0x00007ffc67450000 - 0x00007ffc6745a000 	c:\Users\842186\.vscode\extensions\redhat.java-1.6.0\jre\17.0.2-win32-x86_64\bin\jimage.dll
0x00007ffc716e0000 - 0x00007ffc718c4000 	C:\WINDOWS\SYSTEM32\DBGHELP.DLL
0x00007ffc5f6f0000 - 0x00007ffc5f71c000 	C:\WINDOWS\SYSTEM32\dbgcore.DLL
0x00007ffc74360000 - 0x00007ffc743e2000 	C:\WINDOWS\System32\bcryptPrimitives.dll
0x00007ffc63b30000 - 0x00007ffc63b55000 	c:\Users\842186\.vscode\extensions\redhat.java-1.6.0\jre\17.0.2-win32-x86_64\bin\java.dll
0x00007ffc63a90000 - 0x00007ffc63aa8000 	c:\Users\842186\.vscode\extensions\redhat.java-1.6.0\jre\17.0.2-win32-x86_64\bin\zip.dll
0x00007ffc75280000 - 0x00007ffc759c4000 	C:\WINDOWS\System32\SHELL32.dll
0x00007ffc71ae0000 - 0x00007ffc72274000 	C:\WINDOWS\SYSTEM32\windows.storage.dll
0x00007ffc759d0000 - 0x00007ffc75d24000 	C:\WINDOWS\System32\combase.dll
0x00007ffc73490000 - 0x00007ffc734bc000 	C:\WINDOWS\SYSTEM32\Wldp.dll
0x00007ffc75f70000 - 0x00007ffc7601d000 	C:\WINDOWS\System32\SHCORE.dll
0x00007ffc74610000 - 0x00007ffc74665000 	C:\WINDOWS\System32\shlwapi.dll
0x00007ffc73b50000 - 0x00007ffc73b6f000 	C:\WINDOWS\SYSTEM32\profapi.dll
0x00007ffc639c0000 - 0x00007ffc639d9000 	C:\Users\842186\.vscode\extensions\redhat.java-1.6.0\jre\17.0.2-win32-x86_64\bin\net.dll
0x00007ffc72af0000 - 0x00007ffc72bf9000 	C:\WINDOWS\SYSTEM32\WINHTTP.dll
0x00007ffc731f0000 - 0x00007ffc7325a000 	C:\WINDOWS\system32\mswsock.dll
0x00007ffc63970000 - 0x00007ffc63985000 	C:\Users\842186\.vscode\extensions\redhat.java-1.6.0\jre\17.0.2-win32-x86_64\bin\nio.dll
0x00007ffc673c0000 - 0x00007ffc673d0000 	c:\Users\842186\.vscode\extensions\redhat.java-1.6.0\jre\17.0.2-win32-x86_64\bin\verify.dll

dbghelp: loaded successfully - version: 4.0.5 - missing functions: none
symbol engine: initialized successfully - sym options: 0x614 - pdb path: .;c:\Users\842186\.vscode\extensions\redhat.java-1.6.0\jre\17.0.2-win32-x86_64\bin;C:\WINDOWS\SYSTEM32;C:\WINDOWS\WinSxS\amd64_microsoft.windows.common-controls_6595b64144ccf1df_6.0.19041.1110_none_60b5254171f9507e;C:\Program Files\Avecto\Privilege Guard Client;c:\Users\842186\.vscode\extensions\redhat.java-1.6.0\jre\17.0.2-win32-x86_64\bin\server

VM Arguments:
jvm_args: -Dsts.lsp.client=vscode -Dsts.log.file=/dev/null -XX:TieredStopAtLevel=1 -Dspring.config.location=file:c:\Users\842186\.vscode\extensions\pivotal.vscode-spring-boot-1.33.0\language-server\BOOT-INF\classes\application.properties 
java_command: org.springframework.ide.vscode.boot.app.BootLanguageServerBootApp
java_class_path (initial): c:\Users\842186\.vscode\extensions\pivotal.vscode-spring-boot-1.33.0\language-server\BOOT-INF\classes;c:\Users\842186\.vscode\extensions\pivotal.vscode-spring-boot-1.33.0\language-server\BOOT-INF\lib\antlr4-runtime-4.5.3.jar;c:\Users\842186\.vscode\extensions\pivotal.vscode-spring-boot-1.33.0\language-server\BOOT-INF\lib\byte-buddy-1.10.18.jar;c:\Users\842186\.vscode\extensions\pivotal.vscode-spring-boot-1.33.0\language-server\BOOT-INF\lib\commons-codec-1.14.jar;c:\Users\842186\.vscode\extensions\pivotal.vscode-spring-boot-1.33.0\language-server\BOOT-INF\lib\commons-io-2.4.jar;c:\Users\842186\.vscode\extensions\pivotal.vscode-spring-boot-1.33.0\language-server\BOOT-INF\lib\commons-java-1.33.0-SNAPSHOT.jar;c:\Users\842186\.vscode\extensions\pivotal.vscode-spring-boot-1.33.0\language-server\BOOT-INF\lib\commons-lang3-3.10.jar;c:\Users\842186\.vscode\extensions\pivotal.vscode-spring-boot-1.33.0\language-server\BOOT-INF\lib\commons-language-server-1.33.0-SNAPSHOT.jar;c:\Users\842186\.vscode\extensions\pivotal.vscode-spring-boot-1.33.0\language-server\BOOT-INF\lib\commons-lsp-extensions-1.33.0-SNAPSHOT.jar;c:\Users\842186\.vscode\extensions\pivotal.vscode-spring-boot-1.33.0\language-server\BOOT-INF\lib\commons-util-1.33.0-SNAPSHOT.jar;c:\Users\842186\.vscode\extensions\pivotal.vscode-spring-boot-1.33.0\language-server\BOOT-INF\lib\commons-yaml-1.33.0-SNAPSHOT.jar;c:\Users\842186\.vscode\extensions\pivotal.vscode-spring-boot-1.33.0\language-server\BOOT-INF\lib\gson-2.8.6.jar;c:\Users\842186\.vscode\extensions\pivotal.vscode-spring-boot-1.33.0\language-server\BOOT-INF\lib\guava-19.0.jar;c:\Users\842186\.vscode\extensions\pivotal.vscode-spring-boot-1.33.0\language-server\BOOT-INF\lib\jakarta.annotation-api-1.3.5.jar;c:\Users\842186\.vscode\extensions\pivotal.vscode-spring-boot-1.33.0\language-server\BOOT-INF\lib\jandex-2.0.5.Final.jar;c:\Users\842186\.vscode\extensions\pivotal.vscode-spring-boot-1.33.0\language-server\BOOT-INF\lib\java-propertie
Launcher Type: SUN_STANDARD

[Global flags]
     intx CICompilerCount                          = 4                                         {product} {ergonomic}
     uint ConcGCThreads                            = 2                                         {product} {ergonomic}
     uint G1ConcRefinementThreads                  = 8                                         {product} {ergonomic}
   size_t G1HeapRegionSize                         = 1048576                                   {product} {ergonomic}
    uintx GCDrainStackTargetSize                   = 64                                        {product} {ergonomic}
   size_t InitialHeapSize                          = 100663296                                 {product} {ergonomic}
   size_t MarkStackSize                            = 4194304                                   {product} {ergonomic}
   size_t MaxHeapSize                              = 1579155456                                {product} {ergonomic}
   size_t MaxNewSize                               = 946864128                                 {product} {ergonomic}
   size_t MinHeapDeltaBytes                        = 1048576                                   {product} {ergonomic}
   size_t MinHeapSize                              = 8388608                                   {product} {ergonomic}
    uintx NonProfiledCodeHeapSize                  = 0                                      {pd product} {ergonomic}
     bool ProfileInterpreter                       = false                                  {pd product} {command line}
    uintx ProfiledCodeHeapSize                     = 0                                      {pd product} {ergonomic}
   size_t SoftMaxHeapSize                          = 1579155456                             {manageable} {ergonomic}
     intx TieredStopAtLevel                        = 1                                         {product} {command line}
     bool UseCompressedClassPointers               = true                           {product lp64_product} {ergonomic}
     bool UseCompressedOops                        = true                           {product lp64_product} {ergonomic}
     bool UseG1GC                                  = true                                      {product} {ergonomic}
     bool UseLargePagesIndividualAllocation        = false                                  {pd product} {ergonomic}

Logging:
Log output configuration:
 #0: stdout all=warning uptime,level,tags
 #1: stderr all=off uptime,level,tags

Environment Variables:
JAVA_HOME=C:\Program Files\Java\jdk-11.0.12
PATH=C:\Program Files\Common Files\Oracle\Java\javapath;C:\WINDOWS\system32;C:\WINDOWS;C:\WINDOWS\System32\Wbem;C:\WINDOWS\System32\WindowsPowerShell\v1.0\;C:\WINDOWS\System32\OpenSSH\;C:\Program Files\Microsoft VS Code\bin;C:\Developement_Avecto\apache-maven-3.8.2\bin;C:\Program Files\Java\jdk-11.0.12\bin;C:\Developement_Avecto\;C:\Developement_Avecto\Git\cmd;C:\Program Files\Amazon\AWSCLIV2\;C:\Users\842186\AppData\Local\Microsoft\WindowsApps;C:\Users\842186\AppData\Local\GitHubDesktop\bin;C:\Users\842186\AppData\Roaming\npm;
USERNAME=842186
OS=Windows_NT
PROCESSOR_IDENTIFIER=AMD64 Family 23 Model 24 Stepping 1, AuthenticAMD



---------------  S Y S T E M  ---------------

OS:
 Windows 10 , 64 bit Build 19041 (10.0.19041.1566)
OS uptime: 1 days 22:11 hours

CPU: total 8 (initial active 8) (8 cores per cpu, 2 threads per core) family 23 model 24 stepping 1 microcode 0x0, cx8, cmov, fxsr, ht, mmx, 3dnowpref, sse, sse2, sse3, ssse3, sse4a, sse4.1, sse4.2, popcnt, lzcnt, tsc, tscinvbit, avx, avx2, aes, clmul, bmi1, bmi2, adx, sha, fma, vzeroupper, clflush, clflushopt

Memory: 4k page, system-wide physical 6022M (335M free)
TotalPageFile size 22406M (AvailPageFile size 0M)
current process WorkingSet (physical memory assigned to process): 72M, peak: 72M
current process commit charge ("private bytes"): 181M, peak: 181M

vm_info: OpenJDK 64-Bit Server VM (17.0.2+8) for windows-amd64 JRE (17.0.2+8), built on Jan 20 2022 04:52:34 by "" with MS VC++ 16.7 (VS2019)

END.
